mode: set
github.com/Aritra640/ConnectSphere/server/internal/WS/test_chat_room/chat.go:15.42,17.3 1 0
github.com/Aritra640/ConnectSphere/server/internal/WS/test_chat_room/chat.go:22.41,25.16 2 0
github.com/Aritra640/ConnectSphere/server/internal/WS/test_chat_room/chat.go:25.16,28.3 2 0
github.com/Aritra640/ConnectSphere/server/internal/WS/test_chat_room/chat.go:29.2,33.6 3 0
github.com/Aritra640/ConnectSphere/server/internal/WS/test_chat_room/chat.go:33.6,36.17 2 0
github.com/Aritra640/ConnectSphere/server/internal/WS/test_chat_room/chat.go:36.17,39.9 3 0
github.com/Aritra640/ConnectSphere/server/internal/WS/test_chat_room/chat.go:43.3,43.35 1 0
github.com/Aritra640/ConnectSphere/server/internal/WS/test_chat_room/chat.go:46.2,46.36 1 0
github.com/Aritra640/ConnectSphere/server/internal/WS/test_chat_room/chat.go:55.24,60.2 1 0
github.com/Aritra640/ConnectSphere/server/internal/WS/test_chat_room/chat.go:62.23,63.38 1 0
github.com/Aritra640/ConnectSphere/server/internal/WS/test_chat_room/chat.go:63.38,66.33 2 0
github.com/Aritra640/ConnectSphere/server/internal/WS/test_chat_room/chat.go:66.33,69.18 2 0
github.com/Aritra640/ConnectSphere/server/internal/WS/test_chat_room/chat.go:69.18,72.5 2 0
github.com/Aritra640/ConnectSphere/server/internal/WS/test_chat_room/chat.go:75.3,75.20 1 0
github.com/Aritra640/ConnectSphere/server/internal/WS/test_chat_room/chat.go:81.25,84.2 1 0
github.com/Aritra640/ConnectSphere/server/main.go:22.13,25.16 2 0
github.com/Aritra640/ConnectSphere/server/main.go:25.16,27.13 2 0
github.com/Aritra640/ConnectSphere/server/main.go:30.2,31.24 2 0
github.com/Aritra640/ConnectSphere/server/main.go:31.24,33.27 2 0
github.com/Aritra640/ConnectSphere/server/main.go:36.2,37.16 2 0
github.com/Aritra640/ConnectSphere/server/main.go:37.16,39.13 2 0
github.com/Aritra640/ConnectSphere/server/main.go:41.2,44.62 2 0
github.com/Aritra640/ConnectSphere/server/main.go:44.62,46.13 2 0
github.com/Aritra640/ConnectSphere/server/main.go:47.8,49.3 1 0
github.com/Aritra640/ConnectSphere/server/main.go:51.2,54.19 3 0
github.com/Aritra640/ConnectSphere/server/main.go:54.19,56.65 2 0
github.com/Aritra640/ConnectSphere/server/main.go:58.2,73.34 9 0
github.com/Aritra640/ConnectSphere/server/internal/Controllers/routes.go:7.32,9.47 1 0
github.com/Aritra640/ConnectSphere/server/internal/Controllers/routes.go:9.47,12.4 1 0
github.com/Aritra640/ConnectSphere/server/Database/db/chat.sql.go:28.87,44.2 4 0
github.com/Aritra640/ConnectSphere/server/Database/db/chat.sql.go:51.71,54.2 2 0
github.com/Aritra640/ConnectSphere/server/Database/db/chat.sql.go:61.80,72.2 4 0
github.com/Aritra640/ConnectSphere/server/Database/db/chat.sql.go:80.95,82.16 2 0
github.com/Aritra640/ConnectSphere/server/Database/db/chat.sql.go:82.16,84.3 1 0
github.com/Aritra640/ConnectSphere/server/Database/db/chat.sql.go:85.2,87.18 3 0
github.com/Aritra640/ConnectSphere/server/Database/db/chat.sql.go:87.18,95.17 2 0
github.com/Aritra640/ConnectSphere/server/Database/db/chat.sql.go:95.17,97.4 1 0
github.com/Aritra640/ConnectSphere/server/Database/db/chat.sql.go:98.3,98.27 1 0
github.com/Aritra640/ConnectSphere/server/Database/db/chat.sql.go:100.2,100.37 1 0
github.com/Aritra640/ConnectSphere/server/Database/db/chat.sql.go:100.37,102.3 1 0
github.com/Aritra640/ConnectSphere/server/Database/db/chat.sql.go:103.2,103.35 1 0
github.com/Aritra640/ConnectSphere/server/Database/db/chat.sql.go:103.35,105.3 1 0
github.com/Aritra640/ConnectSphere/server/Database/db/chat.sql.go:106.2,106.19 1 0
github.com/Aritra640/ConnectSphere/server/Database/db/chat.sql.go:121.101,132.2 4 0
github.com/Aritra640/ConnectSphere/server/Database/db/chat_group_message.sql.go:30.115,40.2 4 0
github.com/Aritra640/ConnectSphere/server/Database/db/chat_group_message.sql.go:47.83,50.2 2 0
github.com/Aritra640/ConnectSphere/server/Database/db/chat_group_message.sql.go:70.111,72.16 2 0
github.com/Aritra640/ConnectSphere/server/Database/db/chat_group_message.sql.go:72.16,74.3 1 0
github.com/Aritra640/ConnectSphere/server/Database/db/chat_group_message.sql.go:75.2,77.18 3 0
github.com/Aritra640/ConnectSphere/server/Database/db/chat_group_message.sql.go:77.18,87.17 2 0
github.com/Aritra640/ConnectSphere/server/Database/db/chat_group_message.sql.go:87.17,89.4 1 0
github.com/Aritra640/ConnectSphere/server/Database/db/chat_group_message.sql.go:90.3,90.27 1 0
github.com/Aritra640/ConnectSphere/server/Database/db/chat_group_message.sql.go:92.2,92.37 1 0
github.com/Aritra640/ConnectSphere/server/Database/db/chat_group_message.sql.go:92.37,94.3 1 0
github.com/Aritra640/ConnectSphere/server/Database/db/chat_group_message.sql.go:95.2,95.35 1 0
github.com/Aritra640/ConnectSphere/server/Database/db/chat_group_message.sql.go:95.35,97.3 1 0
github.com/Aritra640/ConnectSphere/server/Database/db/chat_group_message.sql.go:98.2,98.19 1 0
github.com/Aritra640/ConnectSphere/server/Database/db/chat_group_message.sql.go:124.125,126.16 2 0
github.com/Aritra640/ConnectSphere/server/Database/db/chat_group_message.sql.go:126.16,128.3 1 0
github.com/Aritra640/ConnectSphere/server/Database/db/chat_group_message.sql.go:129.2,131.18 3 0
github.com/Aritra640/ConnectSphere/server/Database/db/chat_group_message.sql.go:131.18,141.17 2 0
github.com/Aritra640/ConnectSphere/server/Database/db/chat_group_message.sql.go:141.17,143.4 1 0
github.com/Aritra640/ConnectSphere/server/Database/db/chat_group_message.sql.go:144.3,144.27 1 0
github.com/Aritra640/ConnectSphere/server/Database/db/chat_group_message.sql.go:146.2,146.37 1 0
github.com/Aritra640/ConnectSphere/server/Database/db/chat_group_message.sql.go:146.37,148.3 1 0
github.com/Aritra640/ConnectSphere/server/Database/db/chat_group_message.sql.go:149.2,149.35 1 0
github.com/Aritra640/ConnectSphere/server/Database/db/chat_group_message.sql.go:149.35,151.3 1 0
github.com/Aritra640/ConnectSphere/server/Database/db/chat_group_message.sql.go:152.2,152.19 1 0
github.com/Aritra640/ConnectSphere/server/Database/db/chat_group_message.sql.go:180.143,182.16 2 0
github.com/Aritra640/ConnectSphere/server/Database/db/chat_group_message.sql.go:182.16,184.3 1 0
github.com/Aritra640/ConnectSphere/server/Database/db/chat_group_message.sql.go:185.2,187.18 3 0
github.com/Aritra640/ConnectSphere/server/Database/db/chat_group_message.sql.go:187.18,197.17 2 0
github.com/Aritra640/ConnectSphere/server/Database/db/chat_group_message.sql.go:197.17,199.4 1 0
github.com/Aritra640/ConnectSphere/server/Database/db/chat_group_message.sql.go:200.3,200.27 1 0
github.com/Aritra640/ConnectSphere/server/Database/db/chat_group_message.sql.go:202.2,202.37 1 0
github.com/Aritra640/ConnectSphere/server/Database/db/chat_group_message.sql.go:202.37,204.3 1 0
github.com/Aritra640/ConnectSphere/server/Database/db/chat_group_message.sql.go:205.2,205.35 1 0
github.com/Aritra640/ConnectSphere/server/Database/db/chat_group_message.sql.go:205.35,207.3 1 0
github.com/Aritra640/ConnectSphere/server/Database/db/chat_group_message.sql.go:208.2,208.19 1 0
github.com/Aritra640/ConnectSphere/server/Database/db/chat_group_message.sql.go:222.109,225.2 2 0
github.com/Aritra640/ConnectSphere/server/Database/db/db.go:19.28,21.2 1 0
github.com/Aritra640/ConnectSphere/server/Database/db/db.go:27.47,31.2 1 0
github.com/Aritra640/ConnectSphere/server/Database/db/friends.sql.go:23.85,26.2 2 0
github.com/Aritra640/ConnectSphere/server/Database/db/friends.sql.go:41.103,44.2 2 0
github.com/Aritra640/ConnectSphere/server/Database/db/friends.sql.go:58.87,63.2 4 0
github.com/Aritra640/ConnectSphere/server/Database/db/friends.sql.go:72.85,74.16 2 0
github.com/Aritra640/ConnectSphere/server/Database/db/friends.sql.go:74.16,76.3 1 0
github.com/Aritra640/ConnectSphere/server/Database/db/friends.sql.go:77.2,79.18 3 0
github.com/Aritra640/ConnectSphere/server/Database/db/friends.sql.go:79.18,87.17 2 0
github.com/Aritra640/ConnectSphere/server/Database/db/friends.sql.go:87.17,89.4 1 0
github.com/Aritra640/ConnectSphere/server/Database/db/friends.sql.go:90.3,90.27 1 0
github.com/Aritra640/ConnectSphere/server/Database/db/friends.sql.go:92.2,92.37 1 0
github.com/Aritra640/ConnectSphere/server/Database/db/friends.sql.go:92.37,94.3 1 0
github.com/Aritra640/ConnectSphere/server/Database/db/friends.sql.go:95.2,95.35 1 0
github.com/Aritra640/ConnectSphere/server/Database/db/friends.sql.go:95.35,97.3 1 0
github.com/Aritra640/ConnectSphere/server/Database/db/friends.sql.go:98.2,98.19 1 0
github.com/Aritra640/ConnectSphere/server/Database/db/group_members.sql.go:27.87,30.2 2 0
github.com/Aritra640/ConnectSphere/server/Database/db/group_members.sql.go:39.88,41.16 2 0
github.com/Aritra640/ConnectSphere/server/Database/db/group_members.sql.go:41.16,43.3 1 0
github.com/Aritra640/ConnectSphere/server/Database/db/group_members.sql.go:44.2,46.18 3 0
github.com/Aritra640/ConnectSphere/server/Database/db/group_members.sql.go:46.18,54.17 2 0
github.com/Aritra640/ConnectSphere/server/Database/db/group_members.sql.go:54.17,56.4 1 0
github.com/Aritra640/ConnectSphere/server/Database/db/group_members.sql.go:57.3,57.27 1 0
github.com/Aritra640/ConnectSphere/server/Database/db/group_members.sql.go:59.2,59.37 1 0
github.com/Aritra640/ConnectSphere/server/Database/db/group_members.sql.go:59.37,61.3 1 0
github.com/Aritra640/ConnectSphere/server/Database/db/group_members.sql.go:62.2,62.35 1 0
github.com/Aritra640/ConnectSphere/server/Database/db/group_members.sql.go:62.35,64.3 1 0
github.com/Aritra640/ConnectSphere/server/Database/db/group_members.sql.go:65.2,65.19 1 0
github.com/Aritra640/ConnectSphere/server/Database/db/group_members.sql.go:75.91,77.16 2 0
github.com/Aritra640/ConnectSphere/server/Database/db/group_members.sql.go:77.16,79.3 1 0
github.com/Aritra640/ConnectSphere/server/Database/db/group_members.sql.go:80.2,82.18 3 0
github.com/Aritra640/ConnectSphere/server/Database/db/group_members.sql.go:82.18,90.17 2 0
github.com/Aritra640/ConnectSphere/server/Database/db/group_members.sql.go:90.17,92.4 1 0
github.com/Aritra640/ConnectSphere/server/Database/db/group_members.sql.go:93.3,93.27 1 0
github.com/Aritra640/ConnectSphere/server/Database/db/group_members.sql.go:95.2,95.37 1 0
github.com/Aritra640/ConnectSphere/server/Database/db/group_members.sql.go:95.37,97.3 1 0
github.com/Aritra640/ConnectSphere/server/Database/db/group_members.sql.go:98.2,98.35 1 0
github.com/Aritra640/ConnectSphere/server/Database/db/group_members.sql.go:98.35,100.3 1 0
github.com/Aritra640/ConnectSphere/server/Database/db/group_members.sql.go:101.2,101.19 1 0
github.com/Aritra640/ConnectSphere/server/Database/db/group_members.sql.go:116.99,121.2 4 0
github.com/Aritra640/ConnectSphere/server/Database/db/group_members.sql.go:135.93,140.2 4 0
github.com/Aritra640/ConnectSphere/server/Database/db/group_members.sql.go:151.97,154.2 2 0
github.com/Aritra640/ConnectSphere/server/Database/db/group_members.sql.go:168.99,171.2 2 0
github.com/Aritra640/ConnectSphere/server/Database/db/groups.sql.go:29.94,47.2 4 0
github.com/Aritra640/ConnectSphere/server/Database/db/groups.sql.go:54.72,57.2 2 0
github.com/Aritra640/ConnectSphere/server/Database/db/groups.sql.go:64.86,76.2 4 0
github.com/Aritra640/ConnectSphere/server/Database/db/groups.sql.go:89.94,91.16 2 0
github.com/Aritra640/ConnectSphere/server/Database/db/groups.sql.go:91.16,93.3 1 0
github.com/Aritra640/ConnectSphere/server/Database/db/groups.sql.go:94.2,96.18 3 0
github.com/Aritra640/ConnectSphere/server/Database/db/groups.sql.go:96.18,105.17 2 0
github.com/Aritra640/ConnectSphere/server/Database/db/groups.sql.go:105.17,107.4 1 0
github.com/Aritra640/ConnectSphere/server/Database/db/groups.sql.go:108.3,108.27 1 0
github.com/Aritra640/ConnectSphere/server/Database/db/groups.sql.go:110.2,110.37 1 0
github.com/Aritra640/ConnectSphere/server/Database/db/groups.sql.go:110.37,112.3 1 0
github.com/Aritra640/ConnectSphere/server/Database/db/groups.sql.go:113.2,113.35 1 0
github.com/Aritra640/ConnectSphere/server/Database/db/groups.sql.go:113.35,115.3 1 0
github.com/Aritra640/ConnectSphere/server/Database/db/groups.sql.go:116.2,116.19 1 0
github.com/Aritra640/ConnectSphere/server/Database/db/groups.sql.go:137.102,155.2 4 0
github.com/Aritra640/ConnectSphere/server/Database/db/personal_message.sql.go:27.120,38.2 4 0
github.com/Aritra640/ConnectSphere/server/Database/db/personal_message.sql.go:45.86,48.2 2 0
github.com/Aritra640/ConnectSphere/server/Database/db/personal_message.sql.go:61.95,64.2 2 0
github.com/Aritra640/ConnectSphere/server/Database/db/personal_message.sql.go:90.146,92.16 2 0
github.com/Aritra640/ConnectSphere/server/Database/db/personal_message.sql.go:92.16,94.3 1 0
github.com/Aritra640/ConnectSphere/server/Database/db/personal_message.sql.go:95.2,97.18 3 0
github.com/Aritra640/ConnectSphere/server/Database/db/personal_message.sql.go:97.18,107.17 2 0
github.com/Aritra640/ConnectSphere/server/Database/db/personal_message.sql.go:107.17,109.4 1 0
github.com/Aritra640/ConnectSphere/server/Database/db/personal_message.sql.go:110.3,110.27 1 0
github.com/Aritra640/ConnectSphere/server/Database/db/personal_message.sql.go:112.2,112.37 1 0
github.com/Aritra640/ConnectSphere/server/Database/db/personal_message.sql.go:112.37,114.3 1 0
github.com/Aritra640/ConnectSphere/server/Database/db/personal_message.sql.go:115.2,115.35 1 0
github.com/Aritra640/ConnectSphere/server/Database/db/personal_message.sql.go:115.35,117.3 1 0
github.com/Aritra640/ConnectSphere/server/Database/db/personal_message.sql.go:118.2,118.19 1 0
github.com/Aritra640/ConnectSphere/server/Database/db/personal_message.sql.go:138.106,140.16 2 0
github.com/Aritra640/ConnectSphere/server/Database/db/personal_message.sql.go:140.16,142.3 1 0
github.com/Aritra640/ConnectSphere/server/Database/db/personal_message.sql.go:143.2,145.18 3 0
github.com/Aritra640/ConnectSphere/server/Database/db/personal_message.sql.go:145.18,154.17 2 0
github.com/Aritra640/ConnectSphere/server/Database/db/personal_message.sql.go:154.17,156.4 1 0
github.com/Aritra640/ConnectSphere/server/Database/db/personal_message.sql.go:157.3,157.27 1 0
github.com/Aritra640/ConnectSphere/server/Database/db/personal_message.sql.go:159.2,159.37 1 0
github.com/Aritra640/ConnectSphere/server/Database/db/personal_message.sql.go:159.37,161.3 1 0
github.com/Aritra640/ConnectSphere/server/Database/db/personal_message.sql.go:162.2,162.35 1 0
github.com/Aritra640/ConnectSphere/server/Database/db/personal_message.sql.go:162.35,164.3 1 0
github.com/Aritra640/ConnectSphere/server/Database/db/personal_message.sql.go:165.2,165.19 1 0
github.com/Aritra640/ConnectSphere/server/Database/db/personal_message.sql.go:174.82,177.2 2 0
github.com/Aritra640/ConnectSphere/server/Database/db/refresh_token.sql.go:25.117,36.2 4 0
github.com/Aritra640/ConnectSphere/server/Database/db/refresh_token.sql.go:42.86,45.2 2 0
github.com/Aritra640/ConnectSphere/server/Database/db/refresh_token.sql.go:51.95,54.2 2 0
github.com/Aritra640/ConnectSphere/server/Database/db/refresh_token.sql.go:60.92,71.2 4 0
github.com/Aritra640/ConnectSphere/server/Database/db/refresh_token.sql.go:77.108,88.2 4 0
github.com/Aritra640/ConnectSphere/server/Database/db/user.sql.go:24.81,35.2 4 0
github.com/Aritra640/ConnectSphere/server/Database/db/user.sql.go:41.71,44.2 2 0
github.com/Aritra640/ConnectSphere/server/Database/db/user.sql.go:52.76,63.2 4 0
github.com/Aritra640/ConnectSphere/server/Database/db/user.sql.go:71.89,82.2 4 0
github.com/Aritra640/ConnectSphere/server/Database/db/user.sql.go:90.83,101.2 4 0
github.com/Aritra640/ConnectSphere/server/Database/db/user.sql.go:109.68,111.16 2 0
github.com/Aritra640/ConnectSphere/server/Database/db/user.sql.go:111.16,113.3 1 0
github.com/Aritra640/ConnectSphere/server/Database/db/user.sql.go:114.2,116.18 3 0
github.com/Aritra640/ConnectSphere/server/Database/db/user.sql.go:116.18,124.17 2 0
github.com/Aritra640/ConnectSphere/server/Database/db/user.sql.go:124.17,126.4 1 0
github.com/Aritra640/ConnectSphere/server/Database/db/user.sql.go:127.3,127.27 1 0
github.com/Aritra640/ConnectSphere/server/Database/db/user.sql.go:129.2,129.37 1 0
github.com/Aritra640/ConnectSphere/server/Database/db/user.sql.go:129.37,131.3 1 0
github.com/Aritra640/ConnectSphere/server/Database/db/user.sql.go:132.2,132.35 1 0
github.com/Aritra640/ConnectSphere/server/Database/db/user.sql.go:132.35,134.3 1 0
github.com/Aritra640/ConnectSphere/server/Database/db/user.sql.go:135.2,135.19 1 0
github.com/Aritra640/ConnectSphere/server/Database/db/user.sql.go:149.115,152.2 2 0
github.com/Aritra640/ConnectSphere/server/Database/db/user.sql.go:165.109,168.2 2 0
github.com/Aritra640/ConnectSphere/server/internal/validator/validator.go:13.45,15.2 1 0
github.com/Aritra640/ConnectSphere/server/internal/validator/validator.go:17.65,20.2 2 0
github.com/Aritra640/ConnectSphere/server/Database/db/chat.sql.go:28.87,44.2 4 0
github.com/Aritra640/ConnectSphere/server/Database/db/chat.sql.go:51.71,54.2 2 0
github.com/Aritra640/ConnectSphere/server/Database/db/chat.sql.go:61.80,72.2 4 0
github.com/Aritra640/ConnectSphere/server/Database/db/chat.sql.go:80.95,82.16 2 0
github.com/Aritra640/ConnectSphere/server/Database/db/chat.sql.go:82.16,84.3 1 0
github.com/Aritra640/ConnectSphere/server/Database/db/chat.sql.go:85.2,87.18 3 0
github.com/Aritra640/ConnectSphere/server/Database/db/chat.sql.go:87.18,95.17 2 0
github.com/Aritra640/ConnectSphere/server/Database/db/chat.sql.go:95.17,97.4 1 0
github.com/Aritra640/ConnectSphere/server/Database/db/chat.sql.go:98.3,98.27 1 0
github.com/Aritra640/ConnectSphere/server/Database/db/chat.sql.go:100.2,100.37 1 0
github.com/Aritra640/ConnectSphere/server/Database/db/chat.sql.go:100.37,102.3 1 0
github.com/Aritra640/ConnectSphere/server/Database/db/chat.sql.go:103.2,103.35 1 0
github.com/Aritra640/ConnectSphere/server/Database/db/chat.sql.go:103.35,105.3 1 0
github.com/Aritra640/ConnectSphere/server/Database/db/chat.sql.go:106.2,106.19 1 0
github.com/Aritra640/ConnectSphere/server/Database/db/chat.sql.go:121.101,132.2 4 0
github.com/Aritra640/ConnectSphere/server/Database/db/chat_group_message.sql.go:30.115,40.2 4 0
github.com/Aritra640/ConnectSphere/server/Database/db/chat_group_message.sql.go:47.83,50.2 2 0
github.com/Aritra640/ConnectSphere/server/Database/db/chat_group_message.sql.go:70.111,72.16 2 0
github.com/Aritra640/ConnectSphere/server/Database/db/chat_group_message.sql.go:72.16,74.3 1 0
github.com/Aritra640/ConnectSphere/server/Database/db/chat_group_message.sql.go:75.2,77.18 3 0
github.com/Aritra640/ConnectSphere/server/Database/db/chat_group_message.sql.go:77.18,87.17 2 0
github.com/Aritra640/ConnectSphere/server/Database/db/chat_group_message.sql.go:87.17,89.4 1 0
github.com/Aritra640/ConnectSphere/server/Database/db/chat_group_message.sql.go:90.3,90.27 1 0
github.com/Aritra640/ConnectSphere/server/Database/db/chat_group_message.sql.go:92.2,92.37 1 0
github.com/Aritra640/ConnectSphere/server/Database/db/chat_group_message.sql.go:92.37,94.3 1 0
github.com/Aritra640/ConnectSphere/server/Database/db/chat_group_message.sql.go:95.2,95.35 1 0
github.com/Aritra640/ConnectSphere/server/Database/db/chat_group_message.sql.go:95.35,97.3 1 0
github.com/Aritra640/ConnectSphere/server/Database/db/chat_group_message.sql.go:98.2,98.19 1 0
github.com/Aritra640/ConnectSphere/server/Database/db/chat_group_message.sql.go:124.125,126.16 2 0
github.com/Aritra640/ConnectSphere/server/Database/db/chat_group_message.sql.go:126.16,128.3 1 0
github.com/Aritra640/ConnectSphere/server/Database/db/chat_group_message.sql.go:129.2,131.18 3 0
github.com/Aritra640/ConnectSphere/server/Database/db/chat_group_message.sql.go:131.18,141.17 2 0
github.com/Aritra640/ConnectSphere/server/Database/db/chat_group_message.sql.go:141.17,143.4 1 0
github.com/Aritra640/ConnectSphere/server/Database/db/chat_group_message.sql.go:144.3,144.27 1 0
github.com/Aritra640/ConnectSphere/server/Database/db/chat_group_message.sql.go:146.2,146.37 1 0
github.com/Aritra640/ConnectSphere/server/Database/db/chat_group_message.sql.go:146.37,148.3 1 0
github.com/Aritra640/ConnectSphere/server/Database/db/chat_group_message.sql.go:149.2,149.35 1 0
github.com/Aritra640/ConnectSphere/server/Database/db/chat_group_message.sql.go:149.35,151.3 1 0
github.com/Aritra640/ConnectSphere/server/Database/db/chat_group_message.sql.go:152.2,152.19 1 0
github.com/Aritra640/ConnectSphere/server/Database/db/chat_group_message.sql.go:180.143,182.16 2 0
github.com/Aritra640/ConnectSphere/server/Database/db/chat_group_message.sql.go:182.16,184.3 1 0
github.com/Aritra640/ConnectSphere/server/Database/db/chat_group_message.sql.go:185.2,187.18 3 0
github.com/Aritra640/ConnectSphere/server/Database/db/chat_group_message.sql.go:187.18,197.17 2 0
github.com/Aritra640/ConnectSphere/server/Database/db/chat_group_message.sql.go:197.17,199.4 1 0
github.com/Aritra640/ConnectSphere/server/Database/db/chat_group_message.sql.go:200.3,200.27 1 0
github.com/Aritra640/ConnectSphere/server/Database/db/chat_group_message.sql.go:202.2,202.37 1 0
github.com/Aritra640/ConnectSphere/server/Database/db/chat_group_message.sql.go:202.37,204.3 1 0
github.com/Aritra640/ConnectSphere/server/Database/db/chat_group_message.sql.go:205.2,205.35 1 0
github.com/Aritra640/ConnectSphere/server/Database/db/chat_group_message.sql.go:205.35,207.3 1 0
github.com/Aritra640/ConnectSphere/server/Database/db/chat_group_message.sql.go:208.2,208.19 1 0
github.com/Aritra640/ConnectSphere/server/Database/db/chat_group_message.sql.go:222.109,225.2 2 0
github.com/Aritra640/ConnectSphere/server/Database/db/db.go:19.28,21.2 1 0
github.com/Aritra640/ConnectSphere/server/Database/db/db.go:27.47,31.2 1 0
github.com/Aritra640/ConnectSphere/server/Database/db/friends.sql.go:23.85,26.2 2 0
github.com/Aritra640/ConnectSphere/server/Database/db/friends.sql.go:41.103,44.2 2 0
github.com/Aritra640/ConnectSphere/server/Database/db/friends.sql.go:58.87,63.2 4 0
github.com/Aritra640/ConnectSphere/server/Database/db/friends.sql.go:72.85,74.16 2 0
github.com/Aritra640/ConnectSphere/server/Database/db/friends.sql.go:74.16,76.3 1 0
github.com/Aritra640/ConnectSphere/server/Database/db/friends.sql.go:77.2,79.18 3 0
github.com/Aritra640/ConnectSphere/server/Database/db/friends.sql.go:79.18,87.17 2 0
github.com/Aritra640/ConnectSphere/server/Database/db/friends.sql.go:87.17,89.4 1 0
github.com/Aritra640/ConnectSphere/server/Database/db/friends.sql.go:90.3,90.27 1 0
github.com/Aritra640/ConnectSphere/server/Database/db/friends.sql.go:92.2,92.37 1 0
github.com/Aritra640/ConnectSphere/server/Database/db/friends.sql.go:92.37,94.3 1 0
github.com/Aritra640/ConnectSphere/server/Database/db/friends.sql.go:95.2,95.35 1 0
github.com/Aritra640/ConnectSphere/server/Database/db/friends.sql.go:95.35,97.3 1 0
github.com/Aritra640/ConnectSphere/server/Database/db/friends.sql.go:98.2,98.19 1 0
github.com/Aritra640/ConnectSphere/server/Database/db/group_members.sql.go:27.87,30.2 2 0
github.com/Aritra640/ConnectSphere/server/Database/db/group_members.sql.go:39.88,41.16 2 0
github.com/Aritra640/ConnectSphere/server/Database/db/group_members.sql.go:41.16,43.3 1 0
github.com/Aritra640/ConnectSphere/server/Database/db/group_members.sql.go:44.2,46.18 3 0
github.com/Aritra640/ConnectSphere/server/Database/db/group_members.sql.go:46.18,54.17 2 0
github.com/Aritra640/ConnectSphere/server/Database/db/group_members.sql.go:54.17,56.4 1 0
github.com/Aritra640/ConnectSphere/server/Database/db/group_members.sql.go:57.3,57.27 1 0
github.com/Aritra640/ConnectSphere/server/Database/db/group_members.sql.go:59.2,59.37 1 0
github.com/Aritra640/ConnectSphere/server/Database/db/group_members.sql.go:59.37,61.3 1 0
github.com/Aritra640/ConnectSphere/server/Database/db/group_members.sql.go:62.2,62.35 1 0
github.com/Aritra640/ConnectSphere/server/Database/db/group_members.sql.go:62.35,64.3 1 0
github.com/Aritra640/ConnectSphere/server/Database/db/group_members.sql.go:65.2,65.19 1 0
github.com/Aritra640/ConnectSphere/server/Database/db/group_members.sql.go:75.91,77.16 2 0
github.com/Aritra640/ConnectSphere/server/Database/db/group_members.sql.go:77.16,79.3 1 0
github.com/Aritra640/ConnectSphere/server/Database/db/group_members.sql.go:80.2,82.18 3 0
github.com/Aritra640/ConnectSphere/server/Database/db/group_members.sql.go:82.18,90.17 2 0
github.com/Aritra640/ConnectSphere/server/Database/db/group_members.sql.go:90.17,92.4 1 0
github.com/Aritra640/ConnectSphere/server/Database/db/group_members.sql.go:93.3,93.27 1 0
github.com/Aritra640/ConnectSphere/server/Database/db/group_members.sql.go:95.2,95.37 1 0
github.com/Aritra640/ConnectSphere/server/Database/db/group_members.sql.go:95.37,97.3 1 0
github.com/Aritra640/ConnectSphere/server/Database/db/group_members.sql.go:98.2,98.35 1 0
github.com/Aritra640/ConnectSphere/server/Database/db/group_members.sql.go:98.35,100.3 1 0
github.com/Aritra640/ConnectSphere/server/Database/db/group_members.sql.go:101.2,101.19 1 0
github.com/Aritra640/ConnectSphere/server/Database/db/group_members.sql.go:116.99,121.2 4 0
github.com/Aritra640/ConnectSphere/server/Database/db/group_members.sql.go:135.93,140.2 4 0
github.com/Aritra640/ConnectSphere/server/Database/db/group_members.sql.go:151.97,154.2 2 0
github.com/Aritra640/ConnectSphere/server/Database/db/group_members.sql.go:168.99,171.2 2 0
github.com/Aritra640/ConnectSphere/server/Database/db/groups.sql.go:29.94,47.2 4 0
github.com/Aritra640/ConnectSphere/server/Database/db/groups.sql.go:54.72,57.2 2 0
github.com/Aritra640/ConnectSphere/server/Database/db/groups.sql.go:64.86,76.2 4 0
github.com/Aritra640/ConnectSphere/server/Database/db/groups.sql.go:89.94,91.16 2 0
github.com/Aritra640/ConnectSphere/server/Database/db/groups.sql.go:91.16,93.3 1 0
github.com/Aritra640/ConnectSphere/server/Database/db/groups.sql.go:94.2,96.18 3 0
github.com/Aritra640/ConnectSphere/server/Database/db/groups.sql.go:96.18,105.17 2 0
github.com/Aritra640/ConnectSphere/server/Database/db/groups.sql.go:105.17,107.4 1 0
github.com/Aritra640/ConnectSphere/server/Database/db/groups.sql.go:108.3,108.27 1 0
github.com/Aritra640/ConnectSphere/server/Database/db/groups.sql.go:110.2,110.37 1 0
github.com/Aritra640/ConnectSphere/server/Database/db/groups.sql.go:110.37,112.3 1 0
github.com/Aritra640/ConnectSphere/server/Database/db/groups.sql.go:113.2,113.35 1 0
github.com/Aritra640/ConnectSphere/server/Database/db/groups.sql.go:113.35,115.3 1 0
github.com/Aritra640/ConnectSphere/server/Database/db/groups.sql.go:116.2,116.19 1 0
github.com/Aritra640/ConnectSphere/server/Database/db/groups.sql.go:137.102,155.2 4 0
github.com/Aritra640/ConnectSphere/server/Database/db/personal_message.sql.go:27.120,38.2 4 0
github.com/Aritra640/ConnectSphere/server/Database/db/personal_message.sql.go:45.86,48.2 2 0
github.com/Aritra640/ConnectSphere/server/Database/db/personal_message.sql.go:61.95,64.2 2 0
github.com/Aritra640/ConnectSphere/server/Database/db/personal_message.sql.go:90.146,92.16 2 0
github.com/Aritra640/ConnectSphere/server/Database/db/personal_message.sql.go:92.16,94.3 1 0
github.com/Aritra640/ConnectSphere/server/Database/db/personal_message.sql.go:95.2,97.18 3 0
github.com/Aritra640/ConnectSphere/server/Database/db/personal_message.sql.go:97.18,107.17 2 0
github.com/Aritra640/ConnectSphere/server/Database/db/personal_message.sql.go:107.17,109.4 1 0
github.com/Aritra640/ConnectSphere/server/Database/db/personal_message.sql.go:110.3,110.27 1 0
github.com/Aritra640/ConnectSphere/server/Database/db/personal_message.sql.go:112.2,112.37 1 0
github.com/Aritra640/ConnectSphere/server/Database/db/personal_message.sql.go:112.37,114.3 1 0
github.com/Aritra640/ConnectSphere/server/Database/db/personal_message.sql.go:115.2,115.35 1 0
github.com/Aritra640/ConnectSphere/server/Database/db/personal_message.sql.go:115.35,117.3 1 0
github.com/Aritra640/ConnectSphere/server/Database/db/personal_message.sql.go:118.2,118.19 1 0
github.com/Aritra640/ConnectSphere/server/Database/db/personal_message.sql.go:138.106,140.16 2 0
github.com/Aritra640/ConnectSphere/server/Database/db/personal_message.sql.go:140.16,142.3 1 0
github.com/Aritra640/ConnectSphere/server/Database/db/personal_message.sql.go:143.2,145.18 3 0
github.com/Aritra640/ConnectSphere/server/Database/db/personal_message.sql.go:145.18,154.17 2 0
github.com/Aritra640/ConnectSphere/server/Database/db/personal_message.sql.go:154.17,156.4 1 0
github.com/Aritra640/ConnectSphere/server/Database/db/personal_message.sql.go:157.3,157.27 1 0
github.com/Aritra640/ConnectSphere/server/Database/db/personal_message.sql.go:159.2,159.37 1 0
github.com/Aritra640/ConnectSphere/server/Database/db/personal_message.sql.go:159.37,161.3 1 0
github.com/Aritra640/ConnectSphere/server/Database/db/personal_message.sql.go:162.2,162.35 1 0
github.com/Aritra640/ConnectSphere/server/Database/db/personal_message.sql.go:162.35,164.3 1 0
github.com/Aritra640/ConnectSphere/server/Database/db/personal_message.sql.go:165.2,165.19 1 0
github.com/Aritra640/ConnectSphere/server/Database/db/personal_message.sql.go:174.82,177.2 2 0
github.com/Aritra640/ConnectSphere/server/Database/db/refresh_token.sql.go:25.117,36.2 4 0
github.com/Aritra640/ConnectSphere/server/Database/db/refresh_token.sql.go:42.86,45.2 2 0
github.com/Aritra640/ConnectSphere/server/Database/db/refresh_token.sql.go:51.95,54.2 2 0
github.com/Aritra640/ConnectSphere/server/Database/db/refresh_token.sql.go:60.92,71.2 4 0
github.com/Aritra640/ConnectSphere/server/Database/db/refresh_token.sql.go:77.108,88.2 4 0
github.com/Aritra640/ConnectSphere/server/Database/db/user.sql.go:24.81,35.2 4 0
github.com/Aritra640/ConnectSphere/server/Database/db/user.sql.go:41.71,44.2 2 0
github.com/Aritra640/ConnectSphere/server/Database/db/user.sql.go:52.76,63.2 4 0
github.com/Aritra640/ConnectSphere/server/Database/db/user.sql.go:71.89,82.2 4 0
github.com/Aritra640/ConnectSphere/server/Database/db/user.sql.go:90.83,101.2 4 0
github.com/Aritra640/ConnectSphere/server/Database/db/user.sql.go:109.68,111.16 2 0
github.com/Aritra640/ConnectSphere/server/Database/db/user.sql.go:111.16,113.3 1 0
github.com/Aritra640/ConnectSphere/server/Database/db/user.sql.go:114.2,116.18 3 0
github.com/Aritra640/ConnectSphere/server/Database/db/user.sql.go:116.18,124.17 2 0
github.com/Aritra640/ConnectSphere/server/Database/db/user.sql.go:124.17,126.4 1 0
github.com/Aritra640/ConnectSphere/server/Database/db/user.sql.go:127.3,127.27 1 0
github.com/Aritra640/ConnectSphere/server/Database/db/user.sql.go:129.2,129.37 1 0
github.com/Aritra640/ConnectSphere/server/Database/db/user.sql.go:129.37,131.3 1 0
github.com/Aritra640/ConnectSphere/server/Database/db/user.sql.go:132.2,132.35 1 0
github.com/Aritra640/ConnectSphere/server/Database/db/user.sql.go:132.35,134.3 1 0
github.com/Aritra640/ConnectSphere/server/Database/db/user.sql.go:135.2,135.19 1 0
github.com/Aritra640/ConnectSphere/server/Database/db/user.sql.go:149.115,152.2 2 0
github.com/Aritra640/ConnectSphere/server/Database/db/user.sql.go:165.109,168.2 2 0
github.com/Aritra640/ConnectSphere/server/internal/auth/auth_middleware.go:11.61,12.37 1 0
github.com/Aritra640/ConnectSphere/server/internal/auth/auth_middleware.go:12.37,15.23 2 0
github.com/Aritra640/ConnectSphere/server/internal/auth/auth_middleware.go:15.23,20.6 2 0
github.com/Aritra640/ConnectSphere/server/internal/auth/auth_middleware.go:22.5,25.19 3 0
github.com/Aritra640/ConnectSphere/server/internal/auth/auth_middleware.go:25.19,30.6 2 0
github.com/Aritra640/ConnectSphere/server/internal/auth/auth_middleware.go:32.5,33.19 2 0
github.com/Aritra640/ConnectSphere/server/internal/auth/auth_service.go:31.16,38.2 1 0
github.com/Aritra640/ConnectSphere/server/internal/auth/auth_signin.go:13.60,17.38 2 0
github.com/Aritra640/ConnectSphere/server/internal/auth/auth_signin.go:17.38,19.4 1 0
github.com/Aritra640/ConnectSphere/server/internal/auth/auth_signin.go:21.3,21.42 1 0
github.com/Aritra640/ConnectSphere/server/internal/auth/auth_signin.go:21.42,23.4 1 0
github.com/Aritra640/ConnectSphere/server/internal/auth/auth_signin.go:25.3,28.13 3 0
github.com/Aritra640/ConnectSphere/server/internal/auth/auth_signin.go:28.13,30.19 2 0
github.com/Aritra640/ConnectSphere/server/internal/auth/auth_signin.go:30.19,32.6 1 0
github.com/Aritra640/ConnectSphere/server/internal/auth/auth_signin.go:33.5,33.21 1 0
github.com/Aritra640/ConnectSphere/server/internal/auth/auth_signin.go:36.3,37.9 2 0
github.com/Aritra640/ConnectSphere/server/internal/auth/auth_signin.go:38.25,40.61 2 0
github.com/Aritra640/ConnectSphere/server/internal/auth/auth_signin.go:41.27,42.41 1 0
github.com/Aritra640/ConnectSphere/server/internal/auth/auth_signin.go:46.3,47.13 2 0
github.com/Aritra640/ConnectSphere/server/internal/auth/auth_signin.go:47.13,50.4 2 0
github.com/Aritra640/ConnectSphere/server/internal/auth/auth_signin.go:51.3,52.13 2 0
github.com/Aritra640/ConnectSphere/server/internal/auth/auth_signin.go:52.13,55.4 2 0
github.com/Aritra640/ConnectSphere/server/internal/auth/auth_signin.go:58.3,60.13 3 0
github.com/Aritra640/ConnectSphere/server/internal/auth/auth_signin.go:60.13,62.19 2 0
github.com/Aritra640/ConnectSphere/server/internal/auth/auth_signin.go:62.19,65.6 2 0
github.com/Aritra640/ConnectSphere/server/internal/auth/auth_signin.go:66.5,66.19 1 0
github.com/Aritra640/ConnectSphere/server/internal/auth/auth_signin.go:69.3,70.10 2 0
github.com/Aritra640/ConnectSphere/server/internal/auth/auth_signin.go:71.22,71.22 0 0
github.com/Aritra640/ConnectSphere/server/internal/auth/auth_signin.go:72.23,74.75 2 0
github.com/Aritra640/ConnectSphere/server/internal/auth/auth_signin.go:78.3,79.17 2 0
github.com/Aritra640/ConnectSphere/server/internal/auth/auth_signin.go:79.17,82.4 2 0
github.com/Aritra640/ConnectSphere/server/internal/auth/auth_signin.go:85.3,93.5 1 0
github.com/Aritra640/ConnectSphere/server/internal/auth/auth_signup.go:12.60,16.38 3 0
github.com/Aritra640/ConnectSphere/server/internal/auth/auth_signup.go:16.38,19.4 2 0
github.com/Aritra640/ConnectSphere/server/internal/auth/auth_signup.go:21.3,21.41 2 0
github.com/Aritra640/ConnectSphere/server/internal/auth/auth_signup.go:21.41,24.4 2 0
github.com/Aritra640/ConnectSphere/server/internal/auth/auth_signup.go:26.3,27.13 2 0
github.com/Aritra640/ConnectSphere/server/internal/auth/auth_signup.go:27.13,29.24 2 0
github.com/Aritra640/ConnectSphere/server/internal/auth/auth_signup.go:29.24,31.6 1 0
github.com/Aritra640/ConnectSphere/server/internal/auth/auth_signup.go:33.5,33.28 1 0
github.com/Aritra640/ConnectSphere/server/internal/auth/auth_signup.go:36.3,37.10 2 0
github.com/Aritra640/ConnectSphere/server/internal/auth/auth_signup.go:38.37,38.37 0 0
github.com/Aritra640/ConnectSphere/server/internal/auth/auth_signup.go:39.24,41.69 2 0
github.com/Aritra640/ConnectSphere/server/internal/auth/auth_signup.go:45.3,50.17 2 0
github.com/Aritra640/ConnectSphere/server/internal/auth/auth_signup.go:50.17,53.4 2 0
github.com/Aritra640/ConnectSphere/server/internal/auth/auth_signup.go:55.3,57.5 1 0
github.com/Aritra640/ConnectSphere/server/internal/auth/authenticate.go:18.51,30.17 4 1
github.com/Aritra640/ConnectSphere/server/internal/auth/authenticate.go:30.17,33.4 2 0
github.com/Aritra640/ConnectSphere/server/internal/auth/authenticate.go:35.3,35.18 1 1
github.com/Aritra640/ConnectSphere/server/internal/auth/authenticate.go:38.52,40.112 1 1
github.com/Aritra640/ConnectSphere/server/internal/auth/authenticate.go:40.112,42.59 1 1
github.com/Aritra640/ConnectSphere/server/internal/auth/authenticate.go:42.59,44.6 1 0
github.com/Aritra640/ConnectSphere/server/internal/auth/authenticate.go:45.5,45.31 1 1
github.com/Aritra640/ConnectSphere/server/internal/auth/authenticate.go:48.3,48.17 1 1
github.com/Aritra640/ConnectSphere/server/internal/auth/authenticate.go:48.17,51.4 2 0
github.com/Aritra640/ConnectSphere/server/internal/auth/authenticate.go:53.3,54.26 2 1
github.com/Aritra640/ConnectSphere/server/internal/auth/authenticate.go:54.26,57.4 2 0
github.com/Aritra640/ConnectSphere/server/internal/auth/authenticate.go:59.3,60.29 2 1
github.com/Aritra640/ConnectSphere/server/internal/auth/refresh_token.go:15.46,18.40 2 0
github.com/Aritra640/ConnectSphere/server/internal/auth/refresh_token.go:18.40,20.3 1 0
github.com/Aritra640/ConnectSphere/server/internal/auth/refresh_token.go:21.2,21.50 1 0
github.com/Aritra640/ConnectSphere/server/internal/auth/refresh_token.go:29.123,34.12 2 0
github.com/Aritra640/ConnectSphere/server/internal/auth/refresh_token.go:34.12,36.17 2 0
github.com/Aritra640/ConnectSphere/server/internal/auth/refresh_token.go:36.17,38.4 1 0
github.com/Aritra640/ConnectSphere/server/internal/auth/refresh_token.go:40.3,40.19 1 0
github.com/Aritra640/ConnectSphere/server/internal/auth/refresh_token.go:43.2,44.9 2 0
github.com/Aritra640/ConnectSphere/server/internal/auth/refresh_token.go:45.20,47.23 2 0
github.com/Aritra640/ConnectSphere/server/internal/auth/refresh_token.go:48.24,50.17 2 0
github.com/Aritra640/ConnectSphere/server/internal/auth/refresh_token.go:51.25,52.44 1 0
github.com/Aritra640/ConnectSphere/server/internal/auth/refresh_token.go:55.2,59.12 3 0
github.com/Aritra640/ConnectSphere/server/internal/auth/refresh_token.go:59.12,70.3 2 0
github.com/Aritra640/ConnectSphere/server/internal/auth/refresh_token.go:71.2,72.16 2 0
github.com/Aritra640/ConnectSphere/server/internal/auth/refresh_token.go:72.16,74.3 1 0
github.com/Aritra640/ConnectSphere/server/internal/auth/refresh_token.go:75.2,75.19 1 0
github.com/Aritra640/ConnectSphere/server/internal/auth/refresh_token.go:79.115,85.16 2 0
github.com/Aritra640/ConnectSphere/server/internal/auth/refresh_token.go:85.16,86.36 1 0
github.com/Aritra640/ConnectSphere/server/internal/auth/refresh_token.go:86.36,89.4 2 0
github.com/Aritra640/ConnectSphere/server/internal/auth/refresh_token.go:91.3,92.17 2 0
github.com/Aritra640/ConnectSphere/server/internal/auth/refresh_token.go:95.2,95.84 1 0
github.com/Aritra640/ConnectSphere/server/internal/auth/refresh_token.go:95.84,97.13 2 0
github.com/Aritra640/ConnectSphere/server/internal/auth/refresh_token.go:97.13,104.4 2 0
github.com/Aritra640/ConnectSphere/server/internal/auth/refresh_token.go:106.5,108.49 3 0
github.com/Aritra640/ConnectSphere/server/internal/auth/refresh_token.go:111.2,111.33 1 0
github.com/Aritra640/ConnectSphere/server/internal/auth/refresh_token.go:111.33,114.3 2 0
github.com/Aritra640/ConnectSphere/server/internal/auth/refresh_token.go:116.2,116.32 1 0
github.com/Aritra640/ConnectSphere/server/internal/auth/refresh_token.go:119.99,122.12 2 0
github.com/Aritra640/ConnectSphere/server/internal/auth/refresh_token.go:122.12,131.3 2 0
github.com/Aritra640/ConnectSphere/server/internal/auth/refresh_token.go:133.2,134.16 2 0
github.com/Aritra640/ConnectSphere/server/internal/auth/refresh_token.go:134.16,137.3 2 0
github.com/Aritra640/ConnectSphere/server/internal/auth/refresh_token.go:139.2,139.12 1 0
github.com/Aritra640/ConnectSphere/server/internal/utils/hash_password.go:6.53,10.2 2 1
github.com/Aritra640/ConnectSphere/server/internal/utils/hash_password.go:13.56,17.2 2 1
